<?xml version="1.0" encoding="UTF-8"?>
<testsuite xmlns:xsi="http://www.w3.org/2001/XMLSchema-instance" xsi:noNamespaceSchemaLocation="https://maven.apache.org/surefire/maven-surefire-plugin/xsd/surefire-test-report.xsd" name="Scenario: Launch google browser first and then facebook browser" time="29.901" tests="4" errors="0" skipped="0" failures="0">
  <properties>
[...]
</properties>
  <testcase name="Scenario: Launch google browser first and then facebook browser" classname="Scenario: Launch google browser first and then facebook browser" time="0"/>
  <testcase name="Scenario: Launch google browser first and then facebook browser" classname="Scenario: Launch google browser first and then facebook browser" time="0"/>
  <testcase name="Given user launch google application url" classname="Scenario: Launch google browser first and then facebook browser" time="0.002"/>
  <testcase name="Given user launch google application url" classname="Scenario: Launch google browser first and then facebook browser" time="0"/>
</testsuite>